Jun 23, 2016 12:54:23 PM org.apache.catalina.core.AprLifecycleListener lifecycleEvent
INFO: The APR based Apache Tomcat Native library which allows optimal performance in production environments was not found on the java.library.path: /usr/java/packages/lib/amd64:/usr/lib64:/lib64:/lib:/usr/lib
Jun 23, 2016 12:54:24 PM org.apache.coyote.AbstractProtocol init
INFO: Initializing ProtocolHandler ["http-bio-8095"]
Jun 23, 2016 12:54:24 PM org.apache.catalina.startup.Catalina load
INFO: Initialization processed in 1028 ms
Jun 23, 2016 12:54:24 PM org.apache.catalina.core.StandardService startInternal
INFO: Starting service Catalina
Jun 23, 2016 12:54:24 PM org.apache.catalina.core.StandardEngine startInternal
INFO: Starting Servlet Engine: Apache Tomcat/7.0.69
Jun 23, 2016 12:54:24 PM org.apache.catalina.startup.HostConfig deployDescriptor
INFO: Deploying configuration descriptor /home/lp-153/Downloads/atlassian-crowd-2.9.1/apache-tomcat/conf/Catalina/localhost/openidclient.xml
Jun 23, 2016 12:54:35 PM org.apache.catalina.startup.TldConfig execute
INFO: At least one JAR was scanned for TLDs yet contained no TLDs. Enable debug logging for this logger for a complete list of JARs that were scanned but no TLDs were found in them. Skipping unneeded JARs during scanning can improve startup time and JSP compilation time.
Jun 23, 2016 12:54:38 PM org.apache.catalina.startup.HostConfig deployDescriptor
INFO: Deployment of configuration descriptor /home/lp-153/Downloads/atlassian-crowd-2.9.1/apache-tomcat/conf/Catalina/localhost/openidclient.xml has finished in 13,727 ms
Jun 23, 2016 12:54:38 PM org.apache.catalina.startup.HostConfig deployDescriptor
INFO: Deploying configuration descriptor /home/lp-153/Downloads/atlassian-crowd-2.9.1/apache-tomcat/conf/Catalina/localhost/demo.xml
Jun 23, 2016 12:54:41 PM org.apache.catalina.startup.TldConfig execute
INFO: At least one JAR was scanned for TLDs yet contained no TLDs. Enable debug logging for this logger for a complete list of JARs that were scanned but no TLDs were found in them. Skipping unneeded JARs during scanning can improve startup time and JSP compilation time.
Jun 23, 2016 12:54:42 PM org.apache.catalina.startup.HostConfig deployDescriptor
INFO: Deployment of configuration descriptor /home/lp-153/Downloads/atlassian-crowd-2.9.1/apache-tomcat/conf/Catalina/localhost/demo.xml has finished in 4,778 ms
Jun 23, 2016 12:54:42 PM org.apache.catalina.startup.HostConfig deployDescriptor
INFO: Deploying configuration descriptor /home/lp-153/Downloads/atlassian-crowd-2.9.1/apache-tomcat/conf/Catalina/localhost/crowd.xml
Jun 23, 2016 12:54:55 PM org.apache.catalina.startup.TldConfig execute
INFO: At least one JAR was scanned for TLDs yet contained no TLDs. Enable debug logging for this logger for a complete list of JARs that were scanned but no TLDs were found in them. Skipping unneeded JARs during scanning can improve startup time and JSP compilation time.
Jun 23, 2016 12:55:19 PM org.apache.catalina.startup.HostConfig deployDescriptor
INFO: Deployment of configuration descriptor /home/lp-153/Downloads/atlassian-crowd-2.9.1/apache-tomcat/conf/Catalina/localhost/crowd.xml has finished in 36,402 ms
Jun 23, 2016 12:55:19 PM org.apache.catalina.startup.HostConfig deployDescriptor
INFO: Deploying configuration descriptor /home/lp-153/Downloads/atlassian-crowd-2.9.1/apache-tomcat/conf/Catalina/localhost/openidserver.xml
Jun 23, 2016 12:55:49 PM org.apache.catalina.startup.TldConfig execute
INFO: At least one JAR was scanned for TLDs yet contained no TLDs. Enable debug logging for this logger for a complete list of JARs that were scanned but no TLDs were found in them. Skipping unneeded JARs during scanning can improve startup time and JSP compilation time.
Jun 23, 2016 12:55:56 PM org.apache.catalina.startup.HostConfig deployDescriptor
INFO: Deployment of configuration descriptor /home/lp-153/Downloads/atlassian-crowd-2.9.1/apache-tomcat/conf/Catalina/localhost/openidserver.xml has finished in 37,668 ms
Jun 23, 2016 12:55:56 PM org.apache.catalina.startup.HostConfig deployDirectory
INFO: Deploying web application directory /home/lp-153/Downloads/atlassian-crowd-2.9.1/apache-tomcat/webapps/ROOT
Jun 23, 2016 12:55:57 PM org.apache.catalina.startup.TldConfig execute
INFO: At least one JAR was scanned for TLDs yet contained no TLDs. Enable debug logging for this logger for a complete list of JARs that were scanned but no TLDs were found in them. Skipping unneeded JARs during scanning can improve startup time and JSP compilation time.
Jun 23, 2016 12:55:57 PM org.apache.catalina.startup.HostConfig deployDirectory
INFO: Deployment of web application directory /home/lp-153/Downloads/atlassian-crowd-2.9.1/apache-tomcat/webapps/ROOT has finished in 384 ms
Jun 23, 2016 12:55:57 PM org.apache.coyote.AbstractProtocol start
INFO: Starting ProtocolHandler ["http-bio-8095"]
Jun 23, 2016 12:55:57 PM org.apache.catalina.startup.Catalina start
INFO: Server startup in 93048 ms
