Jun 22, 2016 1:02:24 PM org.apache.catalina.core.ApplicationContext log
INFO: No Spring WebApplicationInitializer types detected on classpath
Jun 22, 2016 1:02:24 PM org.apache.catalina.core.ApplicationContext log
INFO: Initializing Spring root WebApplicationContext
Jun 22, 2016 1:02:29 PM org.apache.catalina.core.ApplicationContext log
INFO: No Spring WebApplicationInitializer types detected on classpath
Jun 22, 2016 1:02:29 PM org.apache.catalina.core.ApplicationContext log
INFO: Initializing Spring root WebApplicationContext
Jun 22, 2016 1:02:44 PM org.apache.catalina.core.ApplicationContext log
INFO: No Spring WebApplicationInitializer types detected on classpath
Jun 22, 2016 1:02:46 PM org.apache.catalina.core.ApplicationContext log
INFO: Initializing Spring root WebApplicationContext
Jun 22, 2016 1:02:48 PM org.apache.catalina.core.ApplicationContext log
INFO: Starting spray application ...
Jun 22, 2016 1:02:48 PM org.apache.catalina.core.ApplicationContext log
INFO: Automatically setting spray.servlet.root-path to '/openidserver'
Jun 22, 2016 1:02:48 PM org.apache.catalina.core.ApplicationContext log
INFO: org.tuckey.web.filters.urlrewrite.UrlRewriteFilter INFO: loaded (conf ok)
Jun 22, 2016 1:07:07 PM org.apache.catalina.core.ApplicationContext log
INFO: org.tuckey.web.filters.urlrewrite.UrlRewriteFilter INFO: destroy called
Jun 22, 2016 1:07:07 PM org.apache.catalina.core.ApplicationContext log
INFO: Closing Spring root WebApplicationContext
Jun 22, 2016 1:07:07 PM org.apache.catalina.core.ApplicationContext log
INFO: Closing Spring root WebApplicationContext
Jun 22, 2016 1:07:07 PM org.apache.catalina.core.ApplicationContext log
INFO: Closing Spring root WebApplicationContext
Jun 22, 2016 1:08:25 PM org.apache.catalina.core.ApplicationContext log
INFO: No Spring WebApplicationInitializer types detected on classpath
Jun 22, 2016 1:08:25 PM org.apache.catalina.core.ApplicationContext log
INFO: Initializing Spring root WebApplicationContext
Jun 22, 2016 1:08:30 PM org.apache.catalina.core.ApplicationContext log
INFO: No Spring WebApplicationInitializer types detected on classpath
Jun 22, 2016 1:08:30 PM org.apache.catalina.core.ApplicationContext log
INFO: Initializing Spring root WebApplicationContext
Jun 22, 2016 1:08:42 PM org.apache.catalina.core.ApplicationContext log
INFO: No Spring WebApplicationInitializer types detected on classpath
Jun 22, 2016 1:08:44 PM org.apache.catalina.core.ApplicationContext log
INFO: Initializing Spring root WebApplicationContext
Jun 22, 2016 1:08:46 PM org.apache.catalina.core.ApplicationContext log
INFO: Starting spray application ...
Jun 22, 2016 1:08:46 PM org.apache.catalina.core.ApplicationContext log
INFO: Automatically setting spray.servlet.root-path to '/openidserver'
Jun 22, 2016 1:08:46 PM org.apache.catalina.core.ApplicationContext log
INFO: org.tuckey.web.filters.urlrewrite.UrlRewriteFilter INFO: loaded (conf ok)
Jun 22, 2016 1:15:38 PM org.apache.catalina.core.ApplicationContext log
INFO: org.tuckey.web.filters.urlrewrite.UrlRewriteFilter INFO: destroy called
Jun 22, 2016 1:15:38 PM org.apache.catalina.core.ApplicationContext log
INFO: Closing Spring root WebApplicationContext
Jun 22, 2016 1:15:38 PM org.apache.catalina.core.ApplicationContext log
INFO: Closing Spring root WebApplicationContext
Jun 22, 2016 1:15:38 PM org.apache.catalina.core.ApplicationContext log
INFO: Closing Spring root WebApplicationContext
Jun 22, 2016 1:15:53 PM org.apache.catalina.core.ApplicationContext log
INFO: No Spring WebApplicationInitializer types detected on classpath
Jun 22, 2016 1:15:53 PM org.apache.catalina.core.ApplicationContext log
INFO: Initializing Spring root WebApplicationContext
Jun 22, 2016 1:15:58 PM org.apache.catalina.core.ApplicationContext log
INFO: No Spring WebApplicationInitializer types detected on classpath
Jun 22, 2016 1:15:58 PM org.apache.catalina.core.ApplicationContext log
INFO: Initializing Spring root WebApplicationContext
Jun 22, 2016 1:16:11 PM org.apache.catalina.core.ApplicationContext log
INFO: No Spring WebApplicationInitializer types detected on classpath
Jun 22, 2016 1:16:13 PM org.apache.catalina.core.ApplicationContext log
INFO: Initializing Spring root WebApplicationContext
Jun 22, 2016 1:16:14 PM org.apache.catalina.core.ApplicationContext log
INFO: Starting spray application ...
Jun 22, 2016 1:16:14 PM org.apache.catalina.core.ApplicationContext log
INFO: Automatically setting spray.servlet.root-path to '/openidserver'
Jun 22, 2016 1:16:15 PM org.apache.catalina.core.ApplicationContext log
INFO: org.tuckey.web.filters.urlrewrite.UrlRewriteFilter INFO: loaded (conf ok)
Jun 22, 2016 11:27:34 PM org.apache.catalina.core.ApplicationContext log
INFO: org.tuckey.web.filters.urlrewrite.UrlRewriteFilter INFO: destroy called
Jun 22, 2016 11:27:34 PM org.apache.catalina.core.ApplicationContext log
INFO: Closing Spring root WebApplicationContext
Jun 22, 2016 11:27:34 PM org.apache.catalina.core.ApplicationContext log
INFO: Closing Spring root WebApplicationContext
Jun 22, 2016 11:27:34 PM org.apache.catalina.core.ApplicationContext log
INFO: Closing Spring root WebApplicationContext
