2016-06-21 15:33:12,021 localhost-startStop-1 WARN [springframework.context.support.PropertySourcesPlaceholderConfigurer] Could not load properties from URL [file:${crowd.openid.home}/jdbc.properties]: ${crowd.openid.home}/jdbc.properties (No such file or directory)
2016-06-21 15:33:12,022 localhost-startStop-1 WARN [springframework.context.support.PropertySourcesPlaceholderConfigurer] Could not load properties from URL [file:${crowd.openid.home}/crowd.properties]: ${crowd.openid.home}/crowd.properties (No such file or directory)
2016-06-21 15:33:12,022 localhost-startStop-1 WARN [springframework.context.support.PropertySourcesPlaceholderConfigurer] Could not load properties from URL [file:${crowd.openid.properties}]: ${crowd.openid.properties} (No such file or directory)
2016-06-21 15:33:13,617 localhost-startStop-1 INFO [com.atlassian.crowd.startup] Starting the Crowd OpenID server, version: 2.9.1 (Build:#665 - 2016-05-09) 
2016-06-21 15:33:13,881 localhost-startStop-1 WARN [springframework.context.support.PropertySourcesPlaceholderConfigurer] Could not load properties from URL [file:${crowd.openid.home}/jdbc.properties]: ${crowd.openid.home}/jdbc.properties (No such file or directory)
2016-06-21 15:33:13,882 localhost-startStop-1 WARN [springframework.context.support.PropertySourcesPlaceholderConfigurer] Could not load properties from URL [file:${crowd.openid.home}/crowd.properties]: ${crowd.openid.home}/crowd.properties (No such file or directory)
2016-06-21 15:33:13,882 localhost-startStop-1 WARN [springframework.context.support.PropertySourcesPlaceholderConfigurer] Could not load properties from URL [file:${crowd.openid.properties}]: ${crowd.openid.properties} (No such file or directory)
2016-06-21 15:33:14,194 localhost-startStop-1 INFO [crowd.service.client.ClientResourceLocator] The file cannot be read or does not exist: ${crowd.openid.home}/crowd.properties
2016-06-21 15:33:14,218 localhost-startStop-1 INFO [openid.server.filter.OpenIDServerClientPropertiesImpl] Loading property: 'application.name' : 'crowd-openid-server'
2016-06-21 15:33:14,218 localhost-startStop-1 INFO [openid.server.filter.OpenIDServerClientPropertiesImpl] Loading property: 'application.login.url' : 'http://localhost:8095/openidserver'
2016-06-21 15:33:14,218 localhost-startStop-1 INFO [openid.server.filter.OpenIDServerClientPropertiesImpl] Loading property: 'session.tokenkey' : 'session.tokenkey'
2016-06-21 15:33:14,218 localhost-startStop-1 INFO [openid.server.filter.OpenIDServerClientPropertiesImpl] Loading property: 'session.lastvalidation' : 'session.lastvalidation'
2016-06-21 15:33:14,218 localhost-startStop-1 INFO [openid.server.filter.OpenIDServerClientPropertiesImpl] Loading property: 'session.validationinterval' : '0'
2016-06-21 15:33:14,218 localhost-startStop-1 INFO [openid.server.filter.OpenIDServerClientPropertiesImpl] Failed to find value for property: cookie.domain
2016-06-21 15:33:14,218 localhost-startStop-1 INFO [openid.server.filter.OpenIDServerClientPropertiesImpl] Failed to find value for property: authentication.method
2016-06-21 15:33:14,219 localhost-startStop-1 INFO [openid.server.filter.OpenIDServerClientPropertiesImpl] Failed to find value for property: asap.issuer
2016-06-21 15:33:14,219 localhost-startStop-1 INFO [openid.server.filter.OpenIDServerClientPropertiesImpl] Failed to find value for property: asap.key.id
2016-06-21 15:33:14,219 localhost-startStop-1 INFO [openid.server.filter.OpenIDServerClientPropertiesImpl] Failed to find value for property: asap.subject.required
2016-06-21 15:33:14,220 localhost-startStop-1 INFO [openid.server.filter.OpenIDServerClientPropertiesImpl] Loading property: 'application.login.url.template' : 'http://localhost:8095/openidserver?returnToUrl=${RETURN_TO_URL}'
2016-06-21 15:33:14,220 localhost-startStop-1 INFO [openid.server.filter.OpenIDServerClientPropertiesImpl] Loading property: 'application.base.url' : 'http://localhost:8095/openidserver'
2016-06-21 15:33:14,879 localhost-startStop-1 INFO [crowd.service.client.ClientResourceLocator] The file cannot be read or does not exist: ${crowd.openid.home}/crowdid.approval-whitelist
2016-06-21 15:33:14,883 localhost-startStop-1 INFO [server.manager.site.ApprovalWhitelist] Using file as a site approval whitelist: /home/lp-153/Downloads/atlassian-crowd-2.9.1/crowd-openidserver-webapp/WEB-INF/classes/crowdid.approval-whitelist
2016-06-21 15:33:14,982 localhost-startStop-1 WARN [org.openid4java.server.RealmVerifier] RP discovery / realm validation disabled; 
2016-06-21 15:33:16,717 openid-spray-akka.actor.default-dispatcher-2 INFO [spray.server.servlet.Boot] v2 configuration: OpenIdServerConfig(baseUri=http://localhost:8095/openidserver/v2, cookieConfig=CookieConfig(crowd.token_key), crowdRestConfig=CrowdRestConfig(baseUri=http://localhost:8095/crowd, applicationName=crowd-openid-server, applicationPassword=*****, timeout=Timeout(10 minutes)), sessionRoutes=ServletSessionRoutes(http://localhost:8095/openidserver?returnToUrl=${RETURN_TO_URL}), isRelyingPartyAuthorised=<function1>)
2016-06-21 15:39:15,790 localhost-startStop-1 WARN [springframework.context.support.PropertySourcesPlaceholderConfigurer] Could not load properties from URL [file:${crowd.openid.home}/jdbc.properties]: ${crowd.openid.home}/jdbc.properties (No such file or directory)
2016-06-21 15:39:15,790 localhost-startStop-1 WARN [springframework.context.support.PropertySourcesPlaceholderConfigurer] Could not load properties from URL [file:${crowd.openid.home}/crowd.properties]: ${crowd.openid.home}/crowd.properties (No such file or directory)
2016-06-21 15:39:15,791 localhost-startStop-1 WARN [springframework.context.support.PropertySourcesPlaceholderConfigurer] Could not load properties from URL [file:${crowd.openid.properties}]: ${crowd.openid.properties} (No such file or directory)
2016-06-21 15:39:17,443 localhost-startStop-1 INFO [com.atlassian.crowd.startup] Starting the Crowd OpenID server, version: 2.9.1 (Build:#665 - 2016-05-09) 
2016-06-21 15:39:17,642 localhost-startStop-1 WARN [springframework.context.support.PropertySourcesPlaceholderConfigurer] Could not load properties from URL [file:${crowd.openid.home}/jdbc.properties]: ${crowd.openid.home}/jdbc.properties (No such file or directory)
2016-06-21 15:39:17,642 localhost-startStop-1 WARN [springframework.context.support.PropertySourcesPlaceholderConfigurer] Could not load properties from URL [file:${crowd.openid.home}/crowd.properties]: ${crowd.openid.home}/crowd.properties (No such file or directory)
2016-06-21 15:39:17,642 localhost-startStop-1 WARN [springframework.context.support.PropertySourcesPlaceholderConfigurer] Could not load properties from URL [file:${crowd.openid.properties}]: ${crowd.openid.properties} (No such file or directory)
2016-06-21 15:39:17,918 localhost-startStop-1 INFO [crowd.service.client.ClientResourceLocator] The file cannot be read or does not exist: ${crowd.openid.home}/crowd.properties
2016-06-21 15:39:17,925 localhost-startStop-1 INFO [openid.server.filter.OpenIDServerClientPropertiesImpl] Loading property: 'application.name' : 'crowd-openid-server'
2016-06-21 15:39:17,925 localhost-startStop-1 INFO [openid.server.filter.OpenIDServerClientPropertiesImpl] Loading property: 'application.login.url' : 'http://localhost:8095/openidserver'
2016-06-21 15:39:17,925 localhost-startStop-1 INFO [openid.server.filter.OpenIDServerClientPropertiesImpl] Loading property: 'session.tokenkey' : 'session.tokenkey'
2016-06-21 15:39:17,925 localhost-startStop-1 INFO [openid.server.filter.OpenIDServerClientPropertiesImpl] Loading property: 'session.lastvalidation' : 'session.lastvalidation'
2016-06-21 15:39:17,925 localhost-startStop-1 INFO [openid.server.filter.OpenIDServerClientPropertiesImpl] Loading property: 'session.validationinterval' : '0'
2016-06-21 15:39:17,925 localhost-startStop-1 INFO [openid.server.filter.OpenIDServerClientPropertiesImpl] Failed to find value for property: cookie.domain
2016-06-21 15:39:17,925 localhost-startStop-1 INFO [openid.server.filter.OpenIDServerClientPropertiesImpl] Failed to find value for property: authentication.method
2016-06-21 15:39:17,926 localhost-startStop-1 INFO [openid.server.filter.OpenIDServerClientPropertiesImpl] Failed to find value for property: asap.issuer
2016-06-21 15:39:17,926 localhost-startStop-1 INFO [openid.server.filter.OpenIDServerClientPropertiesImpl] Failed to find value for property: asap.key.id
2016-06-21 15:39:17,926 localhost-startStop-1 INFO [openid.server.filter.OpenIDServerClientPropertiesImpl] Failed to find value for property: asap.subject.required
2016-06-21 15:39:17,926 localhost-startStop-1 INFO [openid.server.filter.OpenIDServerClientPropertiesImpl] Loading property: 'application.login.url.template' : 'http://localhost:8095/openidserver?returnToUrl=${RETURN_TO_URL}'
2016-06-21 15:39:17,926 localhost-startStop-1 INFO [openid.server.filter.OpenIDServerClientPropertiesImpl] Loading property: 'application.base.url' : 'http://localhost:8095/openidserver'
2016-06-21 15:39:18,100 localhost-startStop-1 INFO [crowd.service.client.ClientResourceLocator] The file cannot be read or does not exist: ${crowd.openid.home}/crowdid.approval-whitelist
2016-06-21 15:39:18,104 localhost-startStop-1 INFO [server.manager.site.ApprovalWhitelist] Using file as a site approval whitelist: /home/lp-153/Downloads/atlassian-crowd-2.9.1/crowd-openidserver-webapp/WEB-INF/classes/crowdid.approval-whitelist
2016-06-21 15:39:18,201 localhost-startStop-1 WARN [org.openid4java.server.RealmVerifier] RP discovery / realm validation disabled; 
2016-06-21 15:39:19,837 openid-spray-akka.actor.default-dispatcher-2 INFO [spray.server.servlet.Boot] v2 configuration: OpenIdServerConfig(baseUri=http://localhost:8095/openidserver/v2, cookieConfig=CookieConfig(crowd.token_key), crowdRestConfig=CrowdRestConfig(baseUri=http://localhost:8095/crowd, applicationName=crowd-openid-server, applicationPassword=*****, timeout=Timeout(10 minutes)), sessionRoutes=ServletSessionRoutes(http://localhost:8095/openidserver?returnToUrl=${RETURN_TO_URL}), isRelyingPartyAuthorised=<function1>)
2016-06-21 15:43:39,186 localhost-startStop-1 WARN [springframework.context.support.PropertySourcesPlaceholderConfigurer] Could not load properties from URL [file:${crowd.openid.home}/jdbc.properties]: ${crowd.openid.home}/jdbc.properties (No such file or directory)
2016-06-21 15:43:39,186 localhost-startStop-1 WARN [springframework.context.support.PropertySourcesPlaceholderConfigurer] Could not load properties from URL [file:${crowd.openid.home}/crowd.properties]: ${crowd.openid.home}/crowd.properties (No such file or directory)
2016-06-21 15:43:39,186 localhost-startStop-1 WARN [springframework.context.support.PropertySourcesPlaceholderConfigurer] Could not load properties from URL [file:${crowd.openid.properties}]: ${crowd.openid.properties} (No such file or directory)
2016-06-21 15:43:40,526 localhost-startStop-1 INFO [com.atlassian.crowd.startup] Starting the Crowd OpenID server, version: 2.9.1 (Build:#665 - 2016-05-09) 
2016-06-21 15:43:40,695 localhost-startStop-1 WARN [springframework.context.support.PropertySourcesPlaceholderConfigurer] Could not load properties from URL [file:${crowd.openid.home}/jdbc.properties]: ${crowd.openid.home}/jdbc.properties (No such file or directory)
2016-06-21 15:43:40,695 localhost-startStop-1 WARN [springframework.context.support.PropertySourcesPlaceholderConfigurer] Could not load properties from URL [file:${crowd.openid.home}/crowd.properties]: ${crowd.openid.home}/crowd.properties (No such file or directory)
2016-06-21 15:43:40,696 localhost-startStop-1 WARN [springframework.context.support.PropertySourcesPlaceholderConfigurer] Could not load properties from URL [file:${crowd.openid.properties}]: ${crowd.openid.properties} (No such file or directory)
2016-06-21 15:43:40,936 localhost-startStop-1 INFO [crowd.service.client.ClientResourceLocator] The file cannot be read or does not exist: ${crowd.openid.home}/crowd.properties
2016-06-21 15:43:40,943 localhost-startStop-1 INFO [openid.server.filter.OpenIDServerClientPropertiesImpl] Loading property: 'application.name' : 'crowd-openid-server'
2016-06-21 15:43:40,943 localhost-startStop-1 INFO [openid.server.filter.OpenIDServerClientPropertiesImpl] Loading property: 'application.login.url' : 'http://localhost:8095/openidserver'
2016-06-21 15:43:40,944 localhost-startStop-1 INFO [openid.server.filter.OpenIDServerClientPropertiesImpl] Loading property: 'session.tokenkey' : 'session.tokenkey'
2016-06-21 15:43:40,944 localhost-startStop-1 INFO [openid.server.filter.OpenIDServerClientPropertiesImpl] Loading property: 'session.lastvalidation' : 'session.lastvalidation'
2016-06-21 15:43:40,944 localhost-startStop-1 INFO [openid.server.filter.OpenIDServerClientPropertiesImpl] Loading property: 'session.validationinterval' : '0'
2016-06-21 15:43:40,944 localhost-startStop-1 INFO [openid.server.filter.OpenIDServerClientPropertiesImpl] Failed to find value for property: cookie.domain
2016-06-21 15:43:40,944 localhost-startStop-1 INFO [openid.server.filter.OpenIDServerClientPropertiesImpl] Failed to find value for property: authentication.method
2016-06-21 15:43:40,945 localhost-startStop-1 INFO [openid.server.filter.OpenIDServerClientPropertiesImpl] Failed to find value for property: asap.issuer
2016-06-21 15:43:40,945 localhost-startStop-1 INFO [openid.server.filter.OpenIDServerClientPropertiesImpl] Failed to find value for property: asap.key.id
2016-06-21 15:43:40,945 localhost-startStop-1 INFO [openid.server.filter.OpenIDServerClientPropertiesImpl] Failed to find value for property: asap.subject.required
2016-06-21 15:43:40,945 localhost-startStop-1 INFO [openid.server.filter.OpenIDServerClientPropertiesImpl] Loading property: 'application.login.url.template' : 'http://localhost:8095/openidserver?returnToUrl=${RETURN_TO_URL}'
2016-06-21 15:43:40,945 localhost-startStop-1 INFO [openid.server.filter.OpenIDServerClientPropertiesImpl] Loading property: 'application.base.url' : 'http://localhost:8095/openidserver'
2016-06-21 15:43:41,117 localhost-startStop-1 INFO [crowd.service.client.ClientResourceLocator] The file cannot be read or does not exist: ${crowd.openid.home}/crowdid.approval-whitelist
2016-06-21 15:43:41,121 localhost-startStop-1 INFO [server.manager.site.ApprovalWhitelist] Using file as a site approval whitelist: /home/lp-153/Downloads/atlassian-crowd-2.9.1/crowd-openidserver-webapp/WEB-INF/classes/crowdid.approval-whitelist
2016-06-21 15:43:41,207 localhost-startStop-1 WARN [org.openid4java.server.RealmVerifier] RP discovery / realm validation disabled; 
2016-06-21 15:43:42,711 openid-spray-akka.actor.default-dispatcher-4 INFO [spray.server.servlet.Boot] v2 configuration: OpenIdServerConfig(baseUri=http://localhost:8095/openidserver/v2, cookieConfig=CookieConfig(crowd.token_key), crowdRestConfig=CrowdRestConfig(baseUri=http://localhost:8095/crowd, applicationName=crowd-openid-server, applicationPassword=*****, timeout=Timeout(10 minutes)), sessionRoutes=ServletSessionRoutes(http://localhost:8095/openidserver?returnToUrl=${RETURN_TO_URL}), isRelyingPartyAuthorised=<function1>)
2016-06-21 16:18:06,748 localhost-startStop-1 WARN [springframework.context.support.PropertySourcesPlaceholderConfigurer] Could not load properties from URL [file:${crowd.openid.home}/jdbc.properties]: ${crowd.openid.home}/jdbc.properties (No such file or directory)
2016-06-21 16:18:06,748 localhost-startStop-1 WARN [springframework.context.support.PropertySourcesPlaceholderConfigurer] Could not load properties from URL [file:${crowd.openid.home}/crowd.properties]: ${crowd.openid.home}/crowd.properties (No such file or directory)
2016-06-21 16:18:06,749 localhost-startStop-1 WARN [springframework.context.support.PropertySourcesPlaceholderConfigurer] Could not load properties from URL [file:${crowd.openid.properties}]: ${crowd.openid.properties} (No such file or directory)
2016-06-21 16:18:08,109 localhost-startStop-1 INFO [com.atlassian.crowd.startup] Starting the Crowd OpenID server, version: 2.9.1 (Build:#665 - 2016-05-09) 
2016-06-21 16:18:08,291 localhost-startStop-1 WARN [springframework.context.support.PropertySourcesPlaceholderConfigurer] Could not load properties from URL [file:${crowd.openid.home}/jdbc.properties]: ${crowd.openid.home}/jdbc.properties (No such file or directory)
2016-06-21 16:18:08,291 localhost-startStop-1 WARN [springframework.context.support.PropertySourcesPlaceholderConfigurer] Could not load properties from URL [file:${crowd.openid.home}/crowd.properties]: ${crowd.openid.home}/crowd.properties (No such file or directory)
2016-06-21 16:18:08,291 localhost-startStop-1 WARN [springframework.context.support.PropertySourcesPlaceholderConfigurer] Could not load properties from URL [file:${crowd.openid.properties}]: ${crowd.openid.properties} (No such file or directory)
2016-06-21 16:18:08,556 localhost-startStop-1 INFO [crowd.service.client.ClientResourceLocator] The file cannot be read or does not exist: ${crowd.openid.home}/crowd.properties
2016-06-21 16:18:08,563 localhost-startStop-1 INFO [openid.server.filter.OpenIDServerClientPropertiesImpl] Loading property: 'application.name' : 'crowd-openid-server'
2016-06-21 16:18:08,563 localhost-startStop-1 INFO [openid.server.filter.OpenIDServerClientPropertiesImpl] Loading property: 'application.login.url' : 'http://localhost:8095/openidserver'
2016-06-21 16:18:08,563 localhost-startStop-1 INFO [openid.server.filter.OpenIDServerClientPropertiesImpl] Loading property: 'session.tokenkey' : 'session.tokenkey'
2016-06-21 16:18:08,563 localhost-startStop-1 INFO [openid.server.filter.OpenIDServerClientPropertiesImpl] Loading property: 'session.lastvalidation' : 'session.lastvalidation'
2016-06-21 16:18:08,563 localhost-startStop-1 INFO [openid.server.filter.OpenIDServerClientPropertiesImpl] Loading property: 'session.validationinterval' : '0'
2016-06-21 16:18:08,563 localhost-startStop-1 INFO [openid.server.filter.OpenIDServerClientPropertiesImpl] Failed to find value for property: cookie.domain
2016-06-21 16:18:08,563 localhost-startStop-1 INFO [openid.server.filter.OpenIDServerClientPropertiesImpl] Failed to find value for property: authentication.method
2016-06-21 16:18:08,564 localhost-startStop-1 INFO [openid.server.filter.OpenIDServerClientPropertiesImpl] Failed to find value for property: asap.issuer
2016-06-21 16:18:08,564 localhost-startStop-1 INFO [openid.server.filter.OpenIDServerClientPropertiesImpl] Failed to find value for property: asap.key.id
2016-06-21 16:18:08,564 localhost-startStop-1 INFO [openid.server.filter.OpenIDServerClientPropertiesImpl] Failed to find value for property: asap.subject.required
2016-06-21 16:18:08,565 localhost-startStop-1 INFO [openid.server.filter.OpenIDServerClientPropertiesImpl] Loading property: 'application.login.url.template' : 'http://localhost:8095/openidserver?returnToUrl=${RETURN_TO_URL}'
2016-06-21 16:18:08,565 localhost-startStop-1 INFO [openid.server.filter.OpenIDServerClientPropertiesImpl] Loading property: 'application.base.url' : 'http://localhost:8095/openidserver'
2016-06-21 16:18:08,758 localhost-startStop-1 INFO [crowd.service.client.ClientResourceLocator] The file cannot be read or does not exist: ${crowd.openid.home}/crowdid.approval-whitelist
2016-06-21 16:18:08,763 localhost-startStop-1 INFO [server.manager.site.ApprovalWhitelist] Using file as a site approval whitelist: /home/lp-153/Downloads/atlassian-crowd-2.9.1/crowd-openidserver-webapp/WEB-INF/classes/crowdid.approval-whitelist
2016-06-21 16:18:08,893 localhost-startStop-1 WARN [org.openid4java.server.RealmVerifier] RP discovery / realm validation disabled; 
2016-06-21 16:18:10,339 openid-spray-akka.actor.default-dispatcher-2 INFO [spray.server.servlet.Boot] v2 configuration: OpenIdServerConfig(baseUri=http://localhost:8095/openidserver/v2, cookieConfig=CookieConfig(crowd.token_key), crowdRestConfig=CrowdRestConfig(baseUri=http://localhost:8095/crowd, applicationName=crowd-openid-server, applicationPassword=*****, timeout=Timeout(10 minutes)), sessionRoutes=ServletSessionRoutes(http://localhost:8095/openidserver?returnToUrl=${RETURN_TO_URL}), isRelyingPartyAuthorised=<function1>)
2016-06-22 13:02:44,916 localhost-startStop-1 WARN [springframework.context.support.PropertySourcesPlaceholderConfigurer] Could not load properties from URL [file:${crowd.openid.home}/jdbc.properties]: ${crowd.openid.home}/jdbc.properties (No such file or directory)
2016-06-22 13:02:44,916 localhost-startStop-1 WARN [springframework.context.support.PropertySourcesPlaceholderConfigurer] Could not load properties from URL [file:${crowd.openid.home}/crowd.properties]: ${crowd.openid.home}/crowd.properties (No such file or directory)
2016-06-22 13:02:44,916 localhost-startStop-1 WARN [springframework.context.support.PropertySourcesPlaceholderConfigurer] Could not load properties from URL [file:${crowd.openid.properties}]: ${crowd.openid.properties} (No such file or directory)
2016-06-22 13:02:46,507 localhost-startStop-1 INFO [com.atlassian.crowd.startup] Starting the Crowd OpenID server, version: 2.9.1 (Build:#665 - 2016-05-09) 
2016-06-22 13:02:46,677 localhost-startStop-1 WARN [springframework.context.support.PropertySourcesPlaceholderConfigurer] Could not load properties from URL [file:${crowd.openid.home}/jdbc.properties]: ${crowd.openid.home}/jdbc.properties (No such file or directory)
2016-06-22 13:02:46,677 localhost-startStop-1 WARN [springframework.context.support.PropertySourcesPlaceholderConfigurer] Could not load properties from URL [file:${crowd.openid.home}/crowd.properties]: ${crowd.openid.home}/crowd.properties (No such file or directory)
2016-06-22 13:02:46,677 localhost-startStop-1 WARN [springframework.context.support.PropertySourcesPlaceholderConfigurer] Could not load properties from URL [file:${crowd.openid.properties}]: ${crowd.openid.properties} (No such file or directory)
2016-06-22 13:02:46,942 localhost-startStop-1 INFO [crowd.service.client.ClientResourceLocator] The file cannot be read or does not exist: ${crowd.openid.home}/crowd.properties
2016-06-22 13:02:46,947 localhost-startStop-1 INFO [openid.server.filter.OpenIDServerClientPropertiesImpl] Loading property: 'application.name' : 'crowd-openid-server'
2016-06-22 13:02:46,948 localhost-startStop-1 INFO [openid.server.filter.OpenIDServerClientPropertiesImpl] Loading property: 'application.login.url' : 'http://localhost:8095/openidserver'
2016-06-22 13:02:46,948 localhost-startStop-1 INFO [openid.server.filter.OpenIDServerClientPropertiesImpl] Loading property: 'session.tokenkey' : 'session.tokenkey'
2016-06-22 13:02:46,948 localhost-startStop-1 INFO [openid.server.filter.OpenIDServerClientPropertiesImpl] Loading property: 'session.lastvalidation' : 'session.lastvalidation'
2016-06-22 13:02:46,948 localhost-startStop-1 INFO [openid.server.filter.OpenIDServerClientPropertiesImpl] Loading property: 'session.validationinterval' : '0'
2016-06-22 13:02:46,948 localhost-startStop-1 INFO [openid.server.filter.OpenIDServerClientPropertiesImpl] Failed to find value for property: cookie.domain
2016-06-22 13:02:46,948 localhost-startStop-1 INFO [openid.server.filter.OpenIDServerClientPropertiesImpl] Failed to find value for property: authentication.method
2016-06-22 13:02:46,949 localhost-startStop-1 INFO [openid.server.filter.OpenIDServerClientPropertiesImpl] Failed to find value for property: asap.issuer
2016-06-22 13:02:46,949 localhost-startStop-1 INFO [openid.server.filter.OpenIDServerClientPropertiesImpl] Failed to find value for property: asap.key.id
2016-06-22 13:02:46,949 localhost-startStop-1 INFO [openid.server.filter.OpenIDServerClientPropertiesImpl] Failed to find value for property: asap.subject.required
2016-06-22 13:02:46,949 localhost-startStop-1 INFO [openid.server.filter.OpenIDServerClientPropertiesImpl] Loading property: 'application.login.url.template' : 'http://localhost:8095/openidserver?returnToUrl=${RETURN_TO_URL}'
2016-06-22 13:02:46,949 localhost-startStop-1 INFO [openid.server.filter.OpenIDServerClientPropertiesImpl] Loading property: 'application.base.url' : 'http://localhost:8095/openidserver'
2016-06-22 13:02:47,095 localhost-startStop-1 INFO [crowd.service.client.ClientResourceLocator] The file cannot be read or does not exist: ${crowd.openid.home}/crowdid.approval-whitelist
2016-06-22 13:02:47,099 localhost-startStop-1 INFO [server.manager.site.ApprovalWhitelist] Using file as a site approval whitelist: /home/lp-153/Downloads/atlassian-crowd-2.9.1/crowd-openidserver-webapp/WEB-INF/classes/crowdid.approval-whitelist
2016-06-22 13:02:47,174 localhost-startStop-1 WARN [org.openid4java.server.RealmVerifier] RP discovery / realm validation disabled; 
2016-06-22 13:02:48,749 openid-spray-akka.actor.default-dispatcher-3 INFO [spray.server.servlet.Boot] v2 configuration: OpenIdServerConfig(baseUri=http://localhost:8095/openidserver/v2, cookieConfig=CookieConfig(crowd.token_key), crowdRestConfig=CrowdRestConfig(baseUri=http://localhost:8095/crowd, applicationName=crowd-openid-server, applicationPassword=*****, timeout=Timeout(10 minutes)), sessionRoutes=ServletSessionRoutes(http://localhost:8095/openidserver?returnToUrl=${RETURN_TO_URL}), isRelyingPartyAuthorised=<function1>)
2016-06-22 13:08:42,949 localhost-startStop-1 WARN [springframework.context.support.PropertySourcesPlaceholderConfigurer] Could not load properties from URL [file:${crowd.openid.home}/jdbc.properties]: ${crowd.openid.home}/jdbc.properties (No such file or directory)
2016-06-22 13:08:42,949 localhost-startStop-1 WARN [springframework.context.support.PropertySourcesPlaceholderConfigurer] Could not load properties from URL [file:${crowd.openid.home}/crowd.properties]: ${crowd.openid.home}/crowd.properties (No such file or directory)
2016-06-22 13:08:42,949 localhost-startStop-1 WARN [springframework.context.support.PropertySourcesPlaceholderConfigurer] Could not load properties from URL [file:${crowd.openid.properties}]: ${crowd.openid.properties} (No such file or directory)
2016-06-22 13:08:44,535 localhost-startStop-1 INFO [com.atlassian.crowd.startup] Starting the Crowd OpenID server, version: 2.9.1 (Build:#665 - 2016-05-09) 
2016-06-22 13:08:44,708 localhost-startStop-1 WARN [springframework.context.support.PropertySourcesPlaceholderConfigurer] Could not load properties from URL [file:${crowd.openid.home}/jdbc.properties]: ${crowd.openid.home}/jdbc.properties (No such file or directory)
2016-06-22 13:08:44,709 localhost-startStop-1 WARN [springframework.context.support.PropertySourcesPlaceholderConfigurer] Could not load properties from URL [file:${crowd.openid.home}/crowd.properties]: ${crowd.openid.home}/crowd.properties (No such file or directory)
2016-06-22 13:08:44,709 localhost-startStop-1 WARN [springframework.context.support.PropertySourcesPlaceholderConfigurer] Could not load properties from URL [file:${crowd.openid.properties}]: ${crowd.openid.properties} (No such file or directory)
2016-06-22 13:08:44,976 localhost-startStop-1 INFO [crowd.service.client.ClientResourceLocator] The file cannot be read or does not exist: ${crowd.openid.home}/crowd.properties
2016-06-22 13:08:44,983 localhost-startStop-1 INFO [openid.server.filter.OpenIDServerClientPropertiesImpl] Loading property: 'application.name' : 'crowd-openid-server'
2016-06-22 13:08:44,983 localhost-startStop-1 INFO [openid.server.filter.OpenIDServerClientPropertiesImpl] Loading property: 'application.login.url' : 'http://localhost:8095/openidserver'
2016-06-22 13:08:44,983 localhost-startStop-1 INFO [openid.server.filter.OpenIDServerClientPropertiesImpl] Loading property: 'session.tokenkey' : 'session.tokenkey'
2016-06-22 13:08:44,983 localhost-startStop-1 INFO [openid.server.filter.OpenIDServerClientPropertiesImpl] Loading property: 'session.lastvalidation' : 'session.lastvalidation'
2016-06-22 13:08:44,983 localhost-startStop-1 INFO [openid.server.filter.OpenIDServerClientPropertiesImpl] Loading property: 'session.validationinterval' : '0'
2016-06-22 13:08:44,983 localhost-startStop-1 INFO [openid.server.filter.OpenIDServerClientPropertiesImpl] Failed to find value for property: cookie.domain
2016-06-22 13:08:44,983 localhost-startStop-1 INFO [openid.server.filter.OpenIDServerClientPropertiesImpl] Failed to find value for property: authentication.method
2016-06-22 13:08:44,984 localhost-startStop-1 INFO [openid.server.filter.OpenIDServerClientPropertiesImpl] Failed to find value for property: asap.issuer
2016-06-22 13:08:44,985 localhost-startStop-1 INFO [openid.server.filter.OpenIDServerClientPropertiesImpl] Failed to find value for property: asap.key.id
2016-06-22 13:08:44,985 localhost-startStop-1 INFO [openid.server.filter.OpenIDServerClientPropertiesImpl] Failed to find value for property: asap.subject.required
2016-06-22 13:08:44,985 localhost-startStop-1 INFO [openid.server.filter.OpenIDServerClientPropertiesImpl] Loading property: 'application.login.url.template' : 'http://localhost:8095/openidserver?returnToUrl=${RETURN_TO_URL}'
2016-06-22 13:08:44,985 localhost-startStop-1 INFO [openid.server.filter.OpenIDServerClientPropertiesImpl] Loading property: 'application.base.url' : 'http://localhost:8095/openidserver'
2016-06-22 13:08:45,134 localhost-startStop-1 INFO [crowd.service.client.ClientResourceLocator] The file cannot be read or does not exist: ${crowd.openid.home}/crowdid.approval-whitelist
2016-06-22 13:08:45,138 localhost-startStop-1 INFO [server.manager.site.ApprovalWhitelist] Using file as a site approval whitelist: /home/lp-153/Downloads/atlassian-crowd-2.9.1/crowd-openidserver-webapp/WEB-INF/classes/crowdid.approval-whitelist
2016-06-22 13:08:45,223 localhost-startStop-1 WARN [org.openid4java.server.RealmVerifier] RP discovery / realm validation disabled; 
2016-06-22 13:08:46,624 openid-spray-akka.actor.default-dispatcher-3 INFO [spray.server.servlet.Boot] v2 configuration: OpenIdServerConfig(baseUri=http://localhost:8095/openidserver/v2, cookieConfig=CookieConfig(crowd.token_key), crowdRestConfig=CrowdRestConfig(baseUri=http://localhost:8095/crowd, applicationName=crowd-openid-server, applicationPassword=*****, timeout=Timeout(10 minutes)), sessionRoutes=ServletSessionRoutes(http://localhost:8095/openidserver?returnToUrl=${RETURN_TO_URL}), isRelyingPartyAuthorised=<function1>)
2016-06-22 13:16:11,589 localhost-startStop-1 WARN [springframework.context.support.PropertySourcesPlaceholderConfigurer] Could not load properties from URL [file:${crowd.openid.home}/jdbc.properties]: ${crowd.openid.home}/jdbc.properties (No such file or directory)
2016-06-22 13:16:11,589 localhost-startStop-1 WARN [springframework.context.support.PropertySourcesPlaceholderConfigurer] Could not load properties from URL [file:${crowd.openid.home}/crowd.properties]: ${crowd.openid.home}/crowd.properties (No such file or directory)
2016-06-22 13:16:11,589 localhost-startStop-1 WARN [springframework.context.support.PropertySourcesPlaceholderConfigurer] Could not load properties from URL [file:${crowd.openid.properties}]: ${crowd.openid.properties} (No such file or directory)
2016-06-22 13:16:13,015 localhost-startStop-1 INFO [com.atlassian.crowd.startup] Starting the Crowd OpenID server, version: 2.9.1 (Build:#665 - 2016-05-09) 
2016-06-22 13:16:13,183 localhost-startStop-1 WARN [springframework.context.support.PropertySourcesPlaceholderConfigurer] Could not load properties from URL [file:${crowd.openid.home}/jdbc.properties]: ${crowd.openid.home}/jdbc.properties (No such file or directory)
2016-06-22 13:16:13,183 localhost-startStop-1 WARN [springframework.context.support.PropertySourcesPlaceholderConfigurer] Could not load properties from URL [file:${crowd.openid.home}/crowd.properties]: ${crowd.openid.home}/crowd.properties (No such file or directory)
2016-06-22 13:16:13,184 localhost-startStop-1 WARN [springframework.context.support.PropertySourcesPlaceholderConfigurer] Could not load properties from URL [file:${crowd.openid.properties}]: ${crowd.openid.properties} (No such file or directory)
2016-06-22 13:16:13,453 localhost-startStop-1 INFO [crowd.service.client.ClientResourceLocator] The file cannot be read or does not exist: ${crowd.openid.home}/crowd.properties
2016-06-22 13:16:13,460 localhost-startStop-1 INFO [openid.server.filter.OpenIDServerClientPropertiesImpl] Loading property: 'application.name' : 'crowd-openid-server'
2016-06-22 13:16:13,460 localhost-startStop-1 INFO [openid.server.filter.OpenIDServerClientPropertiesImpl] Loading property: 'application.login.url' : 'http://localhost:8095/openidserver'
2016-06-22 13:16:13,460 localhost-startStop-1 INFO [openid.server.filter.OpenIDServerClientPropertiesImpl] Loading property: 'session.tokenkey' : 'session.tokenkey'
2016-06-22 13:16:13,460 localhost-startStop-1 INFO [openid.server.filter.OpenIDServerClientPropertiesImpl] Loading property: 'session.lastvalidation' : 'session.lastvalidation'
2016-06-22 13:16:13,460 localhost-startStop-1 INFO [openid.server.filter.OpenIDServerClientPropertiesImpl] Loading property: 'session.validationinterval' : '0'
2016-06-22 13:16:13,461 localhost-startStop-1 INFO [openid.server.filter.OpenIDServerClientPropertiesImpl] Failed to find value for property: cookie.domain
2016-06-22 13:16:13,461 localhost-startStop-1 INFO [openid.server.filter.OpenIDServerClientPropertiesImpl] Failed to find value for property: authentication.method
2016-06-22 13:16:13,462 localhost-startStop-1 INFO [openid.server.filter.OpenIDServerClientPropertiesImpl] Failed to find value for property: asap.issuer
2016-06-22 13:16:13,462 localhost-startStop-1 INFO [openid.server.filter.OpenIDServerClientPropertiesImpl] Failed to find value for property: asap.key.id
2016-06-22 13:16:13,462 localhost-startStop-1 INFO [openid.server.filter.OpenIDServerClientPropertiesImpl] Failed to find value for property: asap.subject.required
2016-06-22 13:16:13,462 localhost-startStop-1 INFO [openid.server.filter.OpenIDServerClientPropertiesImpl] Loading property: 'application.login.url.template' : 'http://localhost:8095/openidserver?returnToUrl=${RETURN_TO_URL}'
2016-06-22 13:16:13,462 localhost-startStop-1 INFO [openid.server.filter.OpenIDServerClientPropertiesImpl] Loading property: 'application.base.url' : 'http://localhost:8095/openidserver'
2016-06-22 13:16:13,650 localhost-startStop-1 INFO [crowd.service.client.ClientResourceLocator] The file cannot be read or does not exist: ${crowd.openid.home}/crowdid.approval-whitelist
2016-06-22 13:16:13,654 localhost-startStop-1 INFO [server.manager.site.ApprovalWhitelist] Using file as a site approval whitelist: /home/lp-153/Downloads/atlassian-crowd-2.9.1/crowd-openidserver-webapp/WEB-INF/classes/crowdid.approval-whitelist
2016-06-22 13:16:13,732 localhost-startStop-1 WARN [org.openid4java.server.RealmVerifier] RP discovery / realm validation disabled; 
2016-06-22 13:16:15,074 openid-spray-akka.actor.default-dispatcher-3 INFO [spray.server.servlet.Boot] v2 configuration: OpenIdServerConfig(baseUri=http://localhost:8095/openidserver/v2, cookieConfig=CookieConfig(crowd.token_key), crowdRestConfig=CrowdRestConfig(baseUri=http://localhost:8095/crowd, applicationName=crowd-openid-server, applicationPassword=*****, timeout=Timeout(10 minutes)), sessionRoutes=ServletSessionRoutes(http://localhost:8095/openidserver?returnToUrl=${RETURN_TO_URL}), isRelyingPartyAuthorised=<function1>)
2016-06-23 12:55:50,281 localhost-startStop-1 WARN [springframework.context.support.PropertySourcesPlaceholderConfigurer] Could not load properties from URL [file:${crowd.openid.home}/jdbc.properties]: ${crowd.openid.home}/jdbc.properties (No such file or directory)
2016-06-23 12:55:50,328 localhost-startStop-1 WARN [springframework.context.support.PropertySourcesPlaceholderConfigurer] Could not load properties from URL [file:${crowd.openid.home}/crowd.properties]: ${crowd.openid.home}/crowd.properties (No such file or directory)
2016-06-23 12:55:50,328 localhost-startStop-1 WARN [springframework.context.support.PropertySourcesPlaceholderConfigurer] Could not load properties from URL [file:${crowd.openid.properties}]: ${crowd.openid.properties} (No such file or directory)
2016-06-23 12:55:52,661 localhost-startStop-1 INFO [com.atlassian.crowd.startup] Starting the Crowd OpenID server, version: 2.9.1 (Build:#665 - 2016-05-09) 
2016-06-23 12:55:53,110 localhost-startStop-1 WARN [springframework.context.support.PropertySourcesPlaceholderConfigurer] Could not load properties from URL [file:${crowd.openid.home}/jdbc.properties]: ${crowd.openid.home}/jdbc.properties (No such file or directory)
2016-06-23 12:55:53,110 localhost-startStop-1 WARN [springframework.context.support.PropertySourcesPlaceholderConfigurer] Could not load properties from URL [file:${crowd.openid.home}/crowd.properties]: ${crowd.openid.home}/crowd.properties (No such file or directory)
2016-06-23 12:55:53,110 localhost-startStop-1 WARN [springframework.context.support.PropertySourcesPlaceholderConfigurer] Could not load properties from URL [file:${crowd.openid.properties}]: ${crowd.openid.properties} (No such file or directory)
2016-06-23 12:55:53,604 localhost-startStop-1 INFO [crowd.service.client.ClientResourceLocator] The file cannot be read or does not exist: ${crowd.openid.home}/crowd.properties
2016-06-23 12:55:53,635 localhost-startStop-1 INFO [openid.server.filter.OpenIDServerClientPropertiesImpl] Loading property: 'application.name' : 'crowd-openid-server'
2016-06-23 12:55:53,635 localhost-startStop-1 INFO [openid.server.filter.OpenIDServerClientPropertiesImpl] Loading property: 'application.login.url' : 'http://localhost:8095/openidserver'
2016-06-23 12:55:53,635 localhost-startStop-1 INFO [openid.server.filter.OpenIDServerClientPropertiesImpl] Loading property: 'session.tokenkey' : 'session.tokenkey'
2016-06-23 12:55:53,635 localhost-startStop-1 INFO [openid.server.filter.OpenIDServerClientPropertiesImpl] Loading property: 'session.lastvalidation' : 'session.lastvalidation'
2016-06-23 12:55:53,635 localhost-startStop-1 INFO [openid.server.filter.OpenIDServerClientPropertiesImpl] Loading property: 'session.validationinterval' : '0'
2016-06-23 12:55:53,635 localhost-startStop-1 INFO [openid.server.filter.OpenIDServerClientPropertiesImpl] Failed to find value for property: cookie.domain
2016-06-23 12:55:53,635 localhost-startStop-1 INFO [openid.server.filter.OpenIDServerClientPropertiesImpl] Failed to find value for property: authentication.method
2016-06-23 12:55:53,636 localhost-startStop-1 INFO [openid.server.filter.OpenIDServerClientPropertiesImpl] Failed to find value for property: asap.issuer
2016-06-23 12:55:53,637 localhost-startStop-1 INFO [openid.server.filter.OpenIDServerClientPropertiesImpl] Failed to find value for property: asap.key.id
2016-06-23 12:55:53,637 localhost-startStop-1 INFO [openid.server.filter.OpenIDServerClientPropertiesImpl] Failed to find value for property: asap.subject.required
2016-06-23 12:55:53,637 localhost-startStop-1 INFO [openid.server.filter.OpenIDServerClientPropertiesImpl] Loading property: 'application.login.url.template' : 'http://localhost:8095/openidserver?returnToUrl=${RETURN_TO_URL}'
2016-06-23 12:55:53,637 localhost-startStop-1 INFO [openid.server.filter.OpenIDServerClientPropertiesImpl] Loading property: 'application.base.url' : 'http://localhost:8095/openidserver'
2016-06-23 12:55:54,112 localhost-startStop-1 INFO [crowd.service.client.ClientResourceLocator] The file cannot be read or does not exist: ${crowd.openid.home}/crowdid.approval-whitelist
2016-06-23 12:55:54,116 localhost-startStop-1 INFO [server.manager.site.ApprovalWhitelist] Using file as a site approval whitelist: /home/lp-153/Downloads/atlassian-crowd-2.9.1/crowd-openidserver-webapp/WEB-INF/classes/crowdid.approval-whitelist
2016-06-23 12:55:54,271 localhost-startStop-1 WARN [org.openid4java.server.RealmVerifier] RP discovery / realm validation disabled; 
2016-06-23 12:55:56,656 openid-spray-akka.actor.default-dispatcher-4 INFO [spray.server.servlet.Boot] v2 configuration: OpenIdServerConfig(baseUri=http://localhost:8095/openidserver/v2, cookieConfig=CookieConfig(crowd.token_key), crowdRestConfig=CrowdRestConfig(baseUri=http://localhost:8095/crowd, applicationName=crowd-openid-server, applicationPassword=*****, timeout=Timeout(10 minutes)), sessionRoutes=ServletSessionRoutes(http://localhost:8095/openidserver?returnToUrl=${RETURN_TO_URL}), isRelyingPartyAuthorised=<function1>)
